{"@timestamp":"2026-07-06T12:47:25Z","event":{"action":"ssh_login","category":["authentication","session"],"collector":"file","created":"2024-11-22T02:00:00Z","dataset":"system-auth","kind":"event","module":"logcollector","original":"Feb 21 21:54:44 server01 sshd[1001]: Accepted publickey for user01 from 192.168.1.2 port 63673 ssh2: RSA 39:33:99:e9:a0:dc:f2:33:a3:e5:72:3b:7c:3a:56:84","outcome":"success","start":"2026-02-21T21:54:44.000Z","type":["info"]},"host":{"hostname":"server01"},"log":{"file":{"path":"/var/log/syslog"}},"message":"Accepted publickey for user01 from 192.168.1.2 port 63673 ssh2: RSA 39:33:99:e9:a0:dc:f2:33:a3:e5:72:3b:7c:3a:56:84","process":{"name":"sshd","pid":1001},"related":{"hosts":["server01"],"ip":["192.168.1.2"],"user":["user01"]},"source":{"address":"192.168.1.2","domain":"192.168.1.2","ip":"192.168.1.2","port":63673},"tags":["production-server"],"user":{"name":"user01"},"wazuh":{"agent":{"groups":["group1","group2"],"host":{"architecture":"x86_64","hostname":"wazuh-endpoint-linux","ip":["192.168.1.2"],"os":{"name":"Amazon Linux 2","platform":"Linux"}},"id":"002","name":"wazuh-agent-name","type":"endpoint","version":"5.0.0"},"integration":{"name":"wazuh-threat","category":"System Activity","decoders":["syslog","system-auth"]},"rule":{"id":"net-003","title":"Threat hunting: suspicious ssh_login detected in system logs","level":"high","tags":["lateral-movement","smb"],"status":"stable","mitre":{"tactic":{"id":["TA0008","TA0006"],"name":["Lateral Movement","Credential Access"]},"technique":{"id":["T1134"],"name":["Access Token Manipulation"]},"subtechnique":{"id":["T1098.003"],"name":["Additional Cloud Roles"]}},"compliance":{"cmmc":["CA.L2-3.12.1","SI.L2-3.14.1"],"pci_dss":["11.3","6.2"],"fedramp":["SI-2","SI-4"],"gdpr":["IV_32.1.a","IV_33.1"],"hipaa":["164.308.a.8","164.308.a.5.ii.B"],"iso_27001":["A.16.1.2","A.14.2.3"],"nis2":["23","21.2.a"],"nist_800_53":["SI-2","SI-4"],"nist_800_171":["3.11.2","3.14.1"],"tsc":["CC7.1","A1.2"]}}}}
{"@timestamp":"2026-07-06T12:47:25Z","event":{"action":"ssh_login","category":["authentication","session"],"collector":"file","created":"2024-11-22T02:00:00Z","dataset":"system-auth","kind":"event","module":"logcollector","original":"Feb 23 00:13:35 server01 sshd[1001]: Accepted password for user01 from 192.168.1.3 port 58803 ssh2","outcome":"success","start":"2026-02-23T00:13:35.000Z","type":["info"]},"host":{"hostname":"server01"},"log":{"file":{"path":"/var/log/syslog"}},"message":"Accepted password for user01 from 192.168.1.3 port 58803 ssh2","process":{"name":"sshd","pid":1001},"related":{"hosts":["server01"],"ip":["192.168.1.3"],"user":["user01"]},"source":{"address":"192.168.1.3","domain":"192.168.1.3","ip":"192.168.1.3","port":58803},"tags":["production-server"],"user":{"name":"user01"},"wazuh":{"agent":{"groups":["group1","group2"],"host":{"architecture":"x86_64","hostname":"wazuh-endpoint-linux","ip":["192.168.1.2"],"os":{"name":"Amazon Linux 2","platform":"Linux"}},"id":"001","name":"wazuh-agent-name","type":"endpoint","version":"5.0.0"},"integration":{"name":"wazuh-threat","category":"System Activity","decoders":["syslog","system-auth"]},"rule":{"id":"sec-002","title":"Anomalous ssh_login behavior observed in system logs","level":"critical","tags":["rootkit","kernel"],"status":"stable","mitre":{"tactic":{"id":["TA0005","TA0003"],"name":["Defense Evasion","Persistence"]},"technique":{"id":["T1548","T1134"],"name":["Abuse Elevation Control Mechanism","Access Token Manipulation"]},"subtechnique":{"id":["T1547.014"],"name":["Active Setup"]}},"compliance":{"cmmc":["RA.L2-3.11.3","SI.L2-3.14.1"],"pci_dss":["6.2","11.3"],"fedramp":["RA-5","CA-7"],"gdpr":["IV_25.1","IV_35.1"],"hipaa":["164.308.a.1.ii.D","164.308.a.5.ii.B"],"iso_27001":["A.12.6.1","A.14.2.3"],"nis2":["23","21.2.e"],"nist_800_53":["RA-5","CA-7"],"nist_800_171":["3.11.1","3.11.2","3.14.1"],"tsc":["CC7.2","A1.2"]}}}}
{"@timestamp":"2026-07-06T12:47:25Z","event":{"action":"ssh_login","category":["authentication"],"collector":"file","created":"2024-11-22T02:00:00Z","dataset":"system-auth","kind":"event","module":"logcollector","original":"Feb 21 21:56:12 server01 sshd[1001]: Invalid user user04 from 192.168.1.2","outcome":"failure","start":"2026-02-21T21:56:12.000Z","type":["info"]},"host":{"hostname":"server01"},"log":{"file":{"path":"/var/log/syslog"}},"message":"Invalid user user04 from 192.168.1.2","process":{"name":"sshd","pid":1001},"related":{"hosts":["server01"],"ip":["192.168.1.2"],"user":["user04"]},"source":{"address":"192.168.1.2","domain":"192.168.1.2","ip":"192.168.1.2"},"tags":["production-server"],"user":{"name":"user04"},"wazuh":{"agent":{"groups":["group1","group2"],"host":{"architecture":"x86_64","hostname":"wazuh-endpoint-linux","ip":["192.168.1.2"],"os":{"name":"Amazon Linux 2","platform":"Linux"}},"id":"001","name":"wazuh-agent-name","type":"endpoint","version":"5.0.0"},"integration":{"name":"wazuh-threat","category":"System Activity","decoders":["syslog","system-auth"]},"rule":{"id":"sec-003","title":"Threat hunting: suspicious ssh_login detected in system logs","level":"critical","tags":["ransomware","encryption","malware"],"status":"stable","mitre":{"tactic":{"id":["TA0040"],"name":["Impact"]},"technique":{"id":["T1531"],"name":["Account Access Removal"]},"subtechnique":{"id":[],"name":[]}},"compliance":{"cmmc":["AU.L2-3.3.1","SI.L2-3.14.1","RA.L2-3.11.1"],"pci_dss":["6.2","6.3.3","11.3"],"fedramp":["SI-4","SI-2","RA-5"],"gdpr":["IV_33.1","IV_35.1","IV_32.1.a"],"hipaa":["164.308.a.8","164.308.a.1.ii.D"],"iso_27001":["A.16.1.2","A.12.6.1"],"nis2":["21.2.a","21.2.e","23"],"nist_800_53":["SI-4","RA-5","CA-7"],"nist_800_171":["3.14.1","3.14.4","3.11.1"],"tsc":["CC7.1","CC7.2","A1.2"]}}}}
{"@timestamp":"2026-07-06T12:47:25Z","event":{"action":"ssh_login","category":["authentication"],"collector":"file","created":"2024-11-22T02:00:00Z","dataset":"system-auth","kind":"event","module":"logcollector","original":"Feb 20 08:35:22 server02 sshd[1001]: Failed password for root from 192.168.1.4 port 29160 ssh2","outcome":"failure","start":"2026-02-20T08:35:22.000Z","type":["info"]},"host":{"hostname":"server02"},"log":{"file":{"path":"/var/log/syslog"}},"message":"Failed password for root from 192.168.1.4 port 29160 ssh2","process":{"name":"sshd","pid":1001},"related":{"hosts":["server02"],"ip":["192.168.1.4"],"user":["root"]},"source":{"address":"192.168.1.4","domain":"192.168.1.4","ip":"192.168.1.4","port":29160},"tags":["production-server"],"user":{"name":"root"},"wazuh":{"agent":{"groups":["group1","group2"],"host":{"architecture":"x86_64","hostname":"wazuh-endpoint-linux","ip":["192.168.1.2"],"os":{"name":"Amazon Linux 2","platform":"Linux"}},"id":"001","name":"wazuh-agent-name","type":"endpoint","version":"5.0.0"},"integration":{"name":"wazuh-threat","category":"System Activity","decoders":["syslog","system-auth"]},"rule":{"id":"net-001","title":"Anomalous ssh_login behavior observed in system logs","level":"medium","tags":["reconnaissance","port-scan"],"status":"stable","mitre":{"tactic":{"id":["TA0043"],"name":["Reconnaissance"]},"technique":{"id":["T1595"],"name":["Active Scanning"]},"subtechnique":{"id":[],"name":[]}},"compliance":{"cmmc":["RA.L2-3.11.1","RA.L2-3.11.2"],"pci_dss":["11.3","6.2"],"fedramp":["SI-4","RA-5"],"gdpr":["IV_32.1.a","IV_35.1"],"hipaa":["164.308.a.1.ii.D","164.308.a.8"],"iso_27001":["A.12.6.1","A.16.1.2"],"nis2":["21.2.e","23"],"nist_800_53":["SI-4","RA-5"],"nist_800_171":["3.11.1","3.14.4"],"tsc":["CC7.1","CC7.2"]}}}}
{"@timestamp":"2026-07-06T12:47:25Z","event":{"category":["process"],"collector":"file","created":"2024-11-22T02:00:00Z","dataset":"system-auth","kind":"event","module":"logcollector","original":"Feb 21 23:35:33 server01 sudo: user01 : TTY=pts/0 ; PWD=/home/user01 ; USER=root ; COMMAND=/bin/ls","outcome":"success","start":"2026-02-21T23:35:33.000Z"},"host":{"hostname":"server01"},"log":{"file":{"path":"/var/log/syslog"}},"message":"user01 : TTY=pts/0 ; PWD=/home/user01 ; USER=root ; COMMAND=/bin/ls","process":{"command_line":"/bin/ls","name":"sudo","working_directory":"/home/user01"},"related":{"hosts":["server01"],"user":["user01","root"]},"tags":["production-server"],"user":{"effective":{"name":"root"},"name":"user01"},"wazuh":{"agent":{"groups":["group1","group2"],"host":{"architecture":"x86_64","hostname":"wazuh-endpoint-linux","ip":["192.168.1.2"],"os":{"name":"Amazon Linux 2","platform":"Linux"}},"id":"001","name":"wazuh-agent-name","type":"endpoint","version":"5.0.0"},"integration":{"name":"wazuh-threat","category":"System Activity","decoders":["syslog","system-auth"]},"rule":{"id":"sec-004","title":"Potentially malicious sudo identified in system logs","level":"medium","tags":["cryptominer","resource-abuse"],"status":"stable","mitre":{"tactic":{"id":["TA0040","TA0042"],"name":["Impact","Resource Development"]},"technique":{"id":["T1583","T1650"],"name":["Acquire Infrastructure","Acquire Access"]},"subtechnique":{"id":[],"name":[]}},"compliance":{"cmmc":["RA.L2-3.11.2","CA.L2-3.12.1"],"pci_dss":["6.2"],"fedramp":["SI-2","CA-7"],"gdpr":["IV_32.1.a"],"hipaa":["164.308.a.8"],"iso_27001":["A.14.2.3"],"nis2":["21.2.e"],"nist_800_53":["SI-2","CA-7"],"nist_800_171":["3.11.2","3.14.4"],"tsc":["CC7.1"]}}}}
{"@timestamp":"2026-07-06T12:47:25Z","event":{"collector":"file","created":"2024-11-22T02:00:00Z","dataset":"system-auth","kind":"event","module":"logcollector","original":"Feb 19 15:30:04 server02 sshd[1001]: Did not receive identification string from 192.168.1.4","outcome":"success","start":"2026-02-19T15:30:04.000Z"},"host":{"hostname":"server02"},"log":{"file":{"path":"/var/log/syslog"}},"message":"Did not receive identification string from 192.168.1.4","process":{"name":"sshd","pid":1001},"related":{"hosts":["server02"],"ip":["192.168.1.4"]},"source":{"address":"192.168.1.4","domain":"192.168.1.4","ip":"192.168.1.4"},"tags":["production-server"],"wazuh":{"agent":{"groups":["group1","group2"],"host":{"architecture":"x86_64","hostname":"wazuh-endpoint-linux","ip":["192.168.1.2"],"os":{"name":"Amazon Linux 2","platform":"Linux"}},"id":"003","name":"wazuh-agent-name","type":"endpoint","version":"5.0.0"},"integration":{"name":"wazuh-threat","category":"System Activity","decoders":["syslog","system-auth"]},"rule":{"id":"sec-002","title":"Potentially malicious sshd identified in system logs","level":"critical","tags":["rootkit","kernel"],"status":"stable","mitre":{"tactic":{"id":["TA0005","TA0003"],"name":["Defense Evasion","Persistence"]},"technique":{"id":["T1548","T1134"],"name":["Abuse Elevation Control Mechanism","Access Token Manipulation"]},"subtechnique":{"id":["T1547.014"],"name":["Active Setup"]}},"compliance":{"cmmc":["RA.L2-3.11.3","SI.L2-3.14.1"],"pci_dss":["6.2","11.3"],"fedramp":["RA-5","CA-7"],"gdpr":["IV_25.1","IV_35.1"],"hipaa":["164.308.a.1.ii.D","164.308.a.5.ii.B"],"iso_27001":["A.12.6.1","A.14.2.3"],"nis2":["23","21.2.e"],"nist_800_53":["RA-5","CA-7"],"nist_800_171":["3.11.1","3.11.2","3.14.1"],"tsc":["CC7.2","A1.2"]}}}}
{"@timestamp":"2026-07-06T12:47:25Z","event":{"category":["process"],"collector":"file","created":"2024-11-22T02:00:00Z","dataset":"system-auth","kind":"event","module":"logcollector","original":"Feb 23 00:08:48 server01 sudo: user01 : TTY=pts/1 ; PWD=/home/user01 ; USER=root ; COMMAND=/bin/cat /var/log/secure","outcome":"success","start":"2026-02-23T00:08:48.000Z"},"host":{"hostname":"server01"},"log":{"file":{"path":"/var/log/syslog"}},"message":"user01 : TTY=pts/1 ; PWD=/home/user01 ; USER=root ; COMMAND=/bin/cat /var/log/secure","process":{"command_line":"/bin/cat /var/log/secure","name":"sudo","working_directory":"/home/user01"},"related":{"hosts":["server01"],"user":["user01","root"]},"tags":["production-server"],"user":{"effective":{"name":"root"},"name":"user01"},"wazuh":{"agent":{"groups":["group1","group2"],"host":{"architecture":"x86_64","hostname":"wazuh-endpoint-linux","ip":["192.168.1.2"],"os":{"name":"Amazon Linux 2","platform":"Linux"}},"id":"003","name":"wazuh-agent-name","type":"endpoint","version":"5.0.0"},"integration":{"name":"wazuh-threat","category":"System Activity","decoders":["syslog","system-auth"]},"rule":{"id":"mal-001","title":"Potentially malicious sudo identified in system logs","level":"high","tags":["malware","threat-intel"],"status":"stable","mitre":{"tactic":{"id":["TA0002","TA0003"],"name":["Execution","Persistence"]},"technique":{"id":["T1098"],"name":["Account Manipulation"]},"subtechnique":{"id":["T1137.006"],"name":["Add-ins"]}},"compliance":{"cmmc":["SI.L2-3.14.1","RA.L2-3.11.1"],"pci_dss":["6.2","6.3.3"],"fedramp":["SI-2","SI-4"],"gdpr":["IV_35.1","IV_33.1"],"hipaa":["164.308.a.1.ii.D","164.308.a.8"],"iso_27001":["A.12.6.1","A.16.1.2"],"nis2":["21.2.a","21.2.e"],"nist_800_53":["SI-2","SI-4"],"nist_800_171":["3.14.1","3.14.4"],"tsc":["CC7.1","CC7.2"]}}}}
{"@timestamp":"2026-07-06T12:47:25Z","event":{"category":["process"],"collector":"file","created":"2024-11-22T02:00:00Z","dataset":"system-auth","kind":"event","module":"logcollector","original":"Feb 24 00:13:02 server03 sudo: user02 : user NOT in sudoers ; TTY=pts/1 ; PWD=/home/user01 ; USER=root ; COMMAND=/bin/ls","outcome":"success","start":"2026-02-24T00:13:02.000Z"},"host":{"hostname":"server03"},"log":{"file":{"path":"/var/log/syslog"}},"message":"user02 : user NOT in sudoers ; TTY=pts/1 ; PWD=/home/user01 ; USER=root ; COMMAND=/bin/ls","process":{"command_line":"/bin/ls","name":"sudo","working_directory":"/home/user01"},"related":{"hosts":["server03"],"user":["user02","root"]},"tags":["production-server"],"user":{"effective":{"name":"root"},"name":"user02"},"wazuh":{"agent":{"groups":["group1","group2"],"host":{"architecture":"x86_64","hostname":"wazuh-endpoint-linux","ip":["192.168.1.2"],"os":{"name":"Amazon Linux 2","platform":"Linux"}},"id":"002","name":"wazuh-agent-name","type":"endpoint","version":"5.0.0"},"integration":{"name":"wazuh-threat","category":"System Activity","decoders":["syslog","system-auth"]},"rule":{"id":"net-001","title":"Threat indicator: unexpected sudo in system logs","level":"medium","tags":["reconnaissance","port-scan"],"status":"stable","mitre":{"tactic":{"id":["TA0043"],"name":["Reconnaissance"]},"technique":{"id":["T1595"],"name":["Active Scanning"]},"subtechnique":{"id":[],"name":[]}},"compliance":{"cmmc":["RA.L2-3.11.1","RA.L2-3.11.2"],"pci_dss":["11.3","6.2"],"fedramp":["SI-4","RA-5"],"gdpr":["IV_32.1.a","IV_35.1"],"hipaa":["164.308.a.1.ii.D","164.308.a.8"],"iso_27001":["A.12.6.1","A.16.1.2"],"nis2":["21.2.e","23"],"nist_800_53":["SI-4","RA-5"],"nist_800_171":["3.11.1","3.14.4"],"tsc":["CC7.1","CC7.2"]}}}}
{"@timestamp":"2026-07-06T12:47:25Z","event":{"category":["iam"],"collector":"file","created":"2024-11-22T02:00:00Z","dataset":"system-auth","kind":"event","module":"logcollector","original":"Feb 22 11:47:05 server01 groupadd[1001]: new group: name=user03, GID=48","outcome":"success","start":"2026-02-22T11:47:05.000Z","type":["group","creation"]},"group":{"id":"48","name":"user03"},"host":{"hostname":"server01"},"log":{"file":{"path":"/var/log/syslog"}},"message":"new group: name=user03, GID=48","process":{"name":"groupadd","pid":1001},"related":{"hosts":["server01"]},"tags":["production-server"],"wazuh":{"agent":{"groups":["group1","group2"],"host":{"architecture":"x86_64","hostname":"wazuh-endpoint-linux","ip":["192.168.1.2"],"os":{"name":"Amazon Linux 2","platform":"Linux"}},"id":"002","name":"wazuh-agent-name","type":"endpoint","version":"5.0.0"},"integration":{"name":"wazuh-threat","category":"System Activity","decoders":["syslog","system-auth"]},"rule":{"id":"net-007","title":"Hunting alert triggered on groupadd (system logs)","level":"high","tags":["exfiltration","data-loss"],"status":"stable","mitre":{"tactic":{"id":["TA0010","TA0009"],"name":["Exfiltration","Collection"]},"technique":{"id":["T1087"],"name":["Account Discovery"]},"subtechnique":{"id":["T1003.008"],"name":["/etc/passwd and /etc/shadow"]}},"compliance":{"cmmc":["SI.L2-3.14.1","RA.L2-3.11.2"],"pci_dss":["6.3.3","11.3"],"fedramp":["CA-7","SI-4"],"gdpr":["IV_35.1","IV_33.1"],"hipaa":["164.308.a.8","164.308.a.1.ii.D"],"iso_27001":["A.12.6.1","A.14.2.3"],"nis2":["21.2.e","23"],"nist_800_53":["CA-7","RA-5"],"nist_800_171":["3.14.1","3.11.1"],"tsc":["CC7.1","CC7.2"]}}}}
{"@timestamp":"2026-07-06T12:47:25Z","event":{"category":["iam"],"collector":"file","created":"2024-11-22T02:00:00Z","dataset":"system-auth","kind":"event","module":"logcollector","original":"Feb 22 11:47:05 server01 useradd[1001]: new user: name=user03, UID=48, GID=48, home=/usr/share/httpd, shell=/sbin/nologin","outcome":"success","start":"2026-02-22T11:47:05.000Z","type":["user","creation"]},"group":{"id":"48"},"host":{"hostname":"server01"},"log":{"file":{"path":"/var/log/syslog"}},"message":"new user: name=user03, UID=48, GID=48, home=/usr/share/httpd, shell=/sbin/nologin","process":{"name":"useradd","pid":1001},"related":{"hosts":["server01"],"user":["user03"]},"tags":["production-server"],"user":{"id":"48","name":"user03"},"wazuh":{"agent":{"groups":["group1","group2"],"host":{"architecture":"x86_64","hostname":"wazuh-endpoint-linux","ip":["192.168.1.2"],"os":{"name":"Amazon Linux 2","platform":"Linux"}},"id":"003","name":"wazuh-agent-name","type":"endpoint","version":"5.0.0"},"integration":{"name":"wazuh-threat","category":"System Activity","decoders":["syslog","system-auth"]},"rule":{"id":"net-003","title":"Anomalous useradd behavior observed in system logs","level":"high","tags":["lateral-movement","smb"],"status":"stable","mitre":{"tactic":{"id":["TA0008","TA0006"],"name":["Lateral Movement","Credential Access"]},"technique":{"id":["T1134"],"name":["Access Token Manipulation"]},"subtechnique":{"id":["T1098.003"],"name":["Additional Cloud Roles"]}},"compliance":{"cmmc":["CA.L2-3.12.1","SI.L2-3.14.1"],"pci_dss":["11.3","6.2"],"fedramp":["SI-2","SI-4"],"gdpr":["IV_32.1.a","IV_33.1"],"hipaa":["164.308.a.8","164.308.a.5.ii.B"],"iso_27001":["A.16.1.2","A.14.2.3"],"nis2":["23","21.2.a"],"nist_800_53":["SI-2","SI-4"],"nist_800_171":["3.11.2","3.14.1"],"tsc":["CC7.1","A1.2"]}}}}
{"@timestamp":"2026-07-06T12:47:25Z","event":{"collector":"file","created":"2024-11-22T02:00:00Z","dataset":"system-auth","kind":"event","module":"logcollector","original":"Feb 22 12:53:50 server04 sshd[1001]: error: PAM: User not known to the underlying authentication module for illegal user user04 from user04.local","outcome":"success","start":"2026-02-22T12:53:50.000Z"},"host":{"hostname":"server04"},"log":{"file":{"path":"/var/log/syslog"}},"message":"error: PAM: User not known to the underlying authentication module for illegal user user04 from user04.local","process":{"name":"sshd","pid":1001},"related":{"hosts":["server04"],"user":["user04"]},"source":{"address":"user04.local","domain":"user04.local"},"tags":["production-server"],"user":{"name":"user04"},"wazuh":{"agent":{"groups":["group1","group2"],"host":{"architecture":"x86_64","hostname":"wazuh-endpoint-linux","ip":["192.168.1.2"],"os":{"name":"Amazon Linux 2","platform":"Linux"}},"id":"003","name":"wazuh-agent-name","type":"endpoint","version":"5.0.0"},"integration":{"name":"wazuh-threat","category":"System Activity","decoders":["syslog","system-auth"]},"rule":{"id":"net-004","title":"Threat indicator: unexpected sshd in system logs","level":"critical","tags":["c2","beacon","malware"],"status":"stable","mitre":{"tactic":{"id":["TA0011","TA0042"],"name":["Command and Control","Resource Development"]},"technique":{"id":["T1583"],"name":["Acquire Infrastructure"]},"subtechnique":{"id":["T1547.014"],"name":["Active Setup"]}},"compliance":{"cmmc":["RA.L2-3.11.3","SI.L2-3.14.1"],"pci_dss":["6.2","6.3.3"],"fedramp":["RA-5","CA-7"],"gdpr":["IV_35.1","IV_25.1"],"hipaa":["164.308.a.1.ii.D","164.308.a.8"],"iso_27001":["A.12.6.1","A.16.1.2"],"nis2":["21.2.e","21.2.a"],"nist_800_53":["RA-5","CA-7"],"nist_800_171":["3.11.1","3.11.3","3.14.4"],"tsc":["CC7.2","CC7.1"]}}}}
{"@timestamp":"2026-07-06T12:47:26Z","event":{"action":"process_creation","category":["process"],"code":"1","collector":"file","created":"2024-11-22T02:00:00Z","dataset":"sysmon","kind":"event","module":"logcollector","original":"Jun  7 03:17:01 202-u20-dev-agent sysmon: <Event><System><Provider Name=\"Linux-Sysmon\" Guid=\"{ff032593-a8d3-4f13-b0d6-01fc615a0f97}\"/><EventID>1</EventID><Version>5</Version><Level>4</Level><Task>1</Task><Opcode>0</Opcode><Keywords>0x8000000000000000</Keywords><TimeCreated SystemTime=\"2023-06-07T03:17:01.396167000Z\"/><EventRecordID>20466</EventRecordID><Correlation/><Execution ProcessID=\"5856\" ThreadID=\"5856\"/><Channel>Linux-Sysmon/Operational</Channel><Computer>202-u20-dev-agent</Computer><Security UserId=\"0\"/></System><EventData><Data Name=\"RuleName\">-</Data><Data Name=\"UtcTime\">2023-06-07 03:17:01.403</Data><Data Name=\"ProcessGuid\">{924935dc-f6ad-647f-557b-c0aebb550000}</Data><Data Name=\"ProcessId\">6125</Data><Data Name=\"Image\">/usr/bin/run-parts</Data><Data Name=\"FileVersion\">-</Data><Data Name=\"Description\">-</Data><Data Name=\"Product\">-</Data><Data Name=\"Company\">-</Data><Data Name=\"OriginalFileName\">-</Data><Data Name=\"CommandLine\">run-parts --report /etc/cron.hourly</Data><Data Name=\"CurrentDirectory\">/</Data><Data Name=\"User\">root</Data><Data Name=\"LogonGuid\">{924935dc-0000-0000-0000-000000000000}</Data><Data Name=\"LogonId\">0</Data><Data Name=\"TerminalSessionId\">17</Data><Data Name=\"IntegrityLevel\">no level</Data><Data Name=\"Hashes\">-</Data><Data Name=\"ParentProcessGuid\">{924935dc-f6ad-647f-95e9-f31f8e550000}</Data><Data Name=\"ParentProcessId\">6124</Data><Data Name=\"ParentImage\">/usr/bin/dash</Data><Data Name=\"ParentCommandLine\">/bin/sh</Data><Data Name=\"ParentUser\">root</Data></EventData></Event>","outcome":"success","start":"2026-06-07T03:17:01.000Z","type":["start"]},"host":{"hostname":"202-u20-dev-agent","name":"202-u20-dev-agent"},"log":{"file":{"path":"/var/log/syslog"},"level":"Information"},"message":"<Event><System><Provider Name=\"Linux-Sysmon\" Guid=\"{ff032593-a8d3-4f13-b0d6-01fc615a0f97}\"/><EventID>1</EventID><Version>5</Version><Level>4</Level><Task>1</Task><Opcode>0</Opcode><Keywords>0x8000000000000000</Keywords><TimeCreated SystemTime=\"2023-06-07T03:17:01.396167000Z\"/><EventRecordID>20466</EventRecordID><Correlation/><Execution ProcessID=\"5856\" ThreadID=\"5856\"/><Channel>Linux-Sysmon/Operational</Channel><Computer>202-u20-dev-agent</Computer><Security UserId=\"0\"/></System><EventData><Data Name=\"RuleName\">-</Data><Data Name=\"UtcTime\">2023-06-07 03:17:01.403</Data><Data Name=\"ProcessGuid\">{924935dc-f6ad-647f-557b-c0aebb550000}</Data><Data Name=\"ProcessId\">6125</Data><Data Name=\"Image\">/usr/bin/run-parts</Data><Data Name=\"FileVersion\">-</Data><Data Name=\"Description\">-</Data><Data Name=\"Product\">-</Data><Data Name=\"Company\">-</Data><Data Name=\"OriginalFileName\">-</Data><Data Name=\"CommandLine\">run-parts --report /etc/cron.hourly</Data><Data Name=\"CurrentDirectory\">/</Data><Data Name=\"User\">root</Data><Data Name=\"LogonGuid\">{924935dc-0000-0000-0000-000000000000}</Data><Data Name=\"LogonId\">0</Data><Data Name=\"TerminalSessionId\">17</Data><Data Name=\"IntegrityLevel\">no level</Data><Data Name=\"Hashes\">-</Data><Data Name=\"ParentProcessGuid\">{924935dc-f6ad-647f-95e9-f31f8e550000}</Data><Data Name=\"ParentProcessId\">6124</Data><Data Name=\"ParentImage\">/usr/bin/dash</Data><Data Name=\"ParentCommandLine\">/bin/sh</Data><Data Name=\"ParentUser\">root</Data></EventData></Event>","process":{"args":["run-parts","--report","/etc/cron.hourly"],"command_line":"run-parts --report /etc/cron.hourly","entity_id":"{924935dc-f6ad-647f-557b-c0aebb550000}","executable":"/usr/bin/run-parts","name":"run-parts","parent":{"args":["/bin/sh"],"command_line":"/bin/sh","entity_id":"{924935dc-f6ad-647f-95e9-f31f8e550000}","executable":"/usr/bin/dash","name":"dash","pid":6124},"pid":6125,"working_directory":"/"},"related":{"hosts":["202-u20-dev-agent"]},"tags":["production-server"],"wazuh":{"agent":{"groups":["group1","group2"],"host":{"architecture":"x86_64","hostname":"wazuh-endpoint-linux","ip":["192.168.1.2"],"os":{"name":"Amazon Linux 2","platform":"Linux"}},"id":"002","name":"wazuh-agent-name","type":"endpoint","version":"5.0.0"},"integration":{"name":"wazuh-threat","category":"System Activity","decoders":["syslog","sysmon-linux"]},"rule":{"id":"net-004","title":"Hunting alert triggered on process_creation (system logs)","level":"critical","tags":["c2","beacon","malware"],"status":"stable","mitre":{"tactic":{"id":["TA0011","TA0042"],"name":["Command and Control","Resource Development"]},"technique":{"id":["T1583"],"name":["Acquire Infrastructure"]},"subtechnique":{"id":["T1547.014"],"name":["Active Setup"]}},"compliance":{"cmmc":["RA.L2-3.11.3","SI.L2-3.14.1"],"pci_dss":["6.2","6.3.3"],"fedramp":["RA-5","CA-7"],"gdpr":["IV_35.1","IV_25.1"],"hipaa":["164.308.a.1.ii.D","164.308.a.8"],"iso_27001":["A.12.6.1","A.16.1.2"],"nis2":["21.2.e","21.2.a"],"nist_800_53":["RA-5","CA-7"],"nist_800_171":["3.11.1","3.11.3","3.14.4"],"tsc":["CC7.2","CC7.1"]}}}}
{"@timestamp":"2026-07-06T12:47:26Z","event":{"action":"process_creation","category":["process"],"code":"1","collector":"file","created":"2024-11-22T02:00:00Z","dataset":"sysmon","kind":"event","module":"logcollector","original":"Jun  7 03:10:01 202-u20-dev-agent sysmon: <Event><System><Provider Name=\"Linux-Sysmon\" Guid=\"{ff032593-a8d3-4f13-b0d6-01fc615a0f97}\"/><EventID>1</EventID><Version>5</Version><Level>4</Level><Task>1</Task><Opcode>0</Opcode><Keywords>0x8000000000000000</Keywords><TimeCreated SystemTime=\"2023-06-07T03:10:01.856271000Z\"/><EventRecordID>20378</EventRecordID><Correlation/><Execution ProcessID=\"5856\" ThreadID=\"5856\"/><Channel>Linux-Sysmon/Operational</Channel><Computer>202-u20-dev-agent</Computer><Security UserId=\"0\"/></System><EventData><Data Name=\"RuleName\">-</Data><Data Name=\"UtcTime\">2023-06-07 03:10:01.862</Data><Data Name=\"ProcessGuid\">{924935dc-f509-647f-9589-f2b36f550000}</Data><Data Name=\"ProcessId\">6119</Data><Data Name=\"Image\">/usr/bin/dash</Data><Data Name=\"FileVersion\">-</Data><Data Name=\"Description\">-</Data><Data Name=\"Product\">-</Data><Data Name=\"Company\">-</Data><Data Name=\"OriginalFileName\">-</Data><Data Name=\"CommandLine\">/bin/sh -c test -e /run/systemd/system || SERVICE_MODE=1 /sbin/e2scrub_all -A -r</Data><Data Name=\"CurrentDirectory\">/root</Data><Data Name=\"User\">root</Data><Data Name=\"LogonGuid\">{924935dc-0000-0000-0000-000000000000}</Data><Data Name=\"LogonId\">0</Data><Data Name=\"TerminalSessionId\">16</Data><Data Name=\"IntegrityLevel\">no level</Data><Data Name=\"Hashes\">-</Data><Data Name=\"ParentProcessGuid\">{00000000-0000-0000-0000-000000000000}</Data><Data Name=\"ParentProcessId\">6118</Data><Data Name=\"ParentImage\">-</Data><Data Name=\"ParentCommandLine\">-</Data><Data Name=\"ParentUser\">-</Data></EventData></Event>","outcome":"success","start":"2026-06-07T03:10:01.000Z","type":["start"]},"host":{"hostname":"202-u20-dev-agent","name":"202-u20-dev-agent"},"log":{"file":{"path":"/var/log/syslog"},"level":"Information"},"message":"<Event><System><Provider Name=\"Linux-Sysmon\" Guid=\"{ff032593-a8d3-4f13-b0d6-01fc615a0f97}\"/><EventID>1</EventID><Version>5</Version><Level>4</Level><Task>1</Task><Opcode>0</Opcode><Keywords>0x8000000000000000</Keywords><TimeCreated SystemTime=\"2023-06-07T03:10:01.856271000Z\"/><EventRecordID>20378</EventRecordID><Correlation/><Execution ProcessID=\"5856\" ThreadID=\"5856\"/><Channel>Linux-Sysmon/Operational</Channel><Computer>202-u20-dev-agent</Computer><Security UserId=\"0\"/></System><EventData><Data Name=\"RuleName\">-</Data><Data Name=\"UtcTime\">2023-06-07 03:10:01.862</Data><Data Name=\"ProcessGuid\">{924935dc-f509-647f-9589-f2b36f550000}</Data><Data Name=\"ProcessId\">6119</Data><Data Name=\"Image\">/usr/bin/dash</Data><Data Name=\"FileVersion\">-</Data><Data Name=\"Description\">-</Data><Data Name=\"Product\">-</Data><Data Name=\"Company\">-</Data><Data Name=\"OriginalFileName\">-</Data><Data Name=\"CommandLine\">/bin/sh -c test -e /run/systemd/system || SERVICE_MODE=1 /sbin/e2scrub_all -A -r</Data><Data Name=\"CurrentDirectory\">/root</Data><Data Name=\"User\">root</Data><Data Name=\"LogonGuid\">{924935dc-0000-0000-0000-000000000000}</Data><Data Name=\"LogonId\">0</Data><Data Name=\"TerminalSessionId\">16</Data><Data Name=\"IntegrityLevel\">no level</Data><Data Name=\"Hashes\">-</Data><Data Name=\"ParentProcessGuid\">{00000000-0000-0000-0000-000000000000}</Data><Data Name=\"ParentProcessId\">6118</Data><Data Name=\"ParentImage\">-</Data><Data Name=\"ParentCommandLine\">-</Data><Data Name=\"ParentUser\">-</Data></EventData></Event>","process":{"args":["/bin/sh","-c","test","-e","/run/systemd/system","||","SERVICE_MODE=1","/sbin/e2scrub_all","-A","-r"],"command_line":"/bin/sh -c test -e /run/systemd/system || SERVICE_MODE=1 /sbin/e2scrub_all -A -r","entity_id":"{924935dc-f509-647f-9589-f2b36f550000}","executable":"/usr/bin/dash","name":"dash","parent":{"entity_id":"{00000000-0000-0000-0000-000000000000}","pid":6118},"pid":6119,"working_directory":"/root"},"related":{"hosts":["202-u20-dev-agent"]},"tags":["production-server"],"wazuh":{"agent":{"groups":["group1","group2"],"host":{"architecture":"x86_64","hostname":"wazuh-endpoint-linux","ip":["192.168.1.2"],"os":{"name":"Amazon Linux 2","platform":"Linux"}},"id":"001","name":"wazuh-agent-name","type":"endpoint","version":"5.0.0"},"integration":{"name":"wazuh-threat","category":"System Activity","decoders":["syslog","sysmon-linux"]},"rule":{"id":"sec-004","title":"Anomalous process_creation behavior observed in system logs","level":"medium","tags":["cryptominer","resource-abuse"],"status":"stable","mitre":{"tactic":{"id":["TA0040","TA0042"],"name":["Impact","Resource Development"]},"technique":{"id":["T1583","T1650"],"name":["Acquire Infrastructure","Acquire Access"]},"subtechnique":{"id":[],"name":[]}},"compliance":{"cmmc":["RA.L2-3.11.2","CA.L2-3.12.1"],"pci_dss":["6.2"],"fedramp":["SI-2","CA-7"],"gdpr":["IV_32.1.a"],"hipaa":["164.308.a.8"],"iso_27001":["A.14.2.3"],"nis2":["21.2.e"],"nist_800_53":["SI-2","CA-7"],"nist_800_171":["3.11.2","3.14.4"],"tsc":["CC7.1"]}}}}
{"@timestamp":"2026-07-06T12:47:26Z","event":{"action":"process_creation","category":["process"],"code":"1","collector":"file","created":"2024-11-22T02:00:00Z","dataset":"sysmon","kind":"event","module":"logcollector","original":"Jun  7 00:00:15 202-u20-dev-agent sysmon: <Event><System><Provider Name=\"Linux-Sysmon\" Guid=\"{ff032593-a8d3-4f13-b0d6-01fc615a0f97}\"/><EventID>1</EventID><Version>5</Version><Level>4</Level><Task>1</Task><Opcode>0</Opcode><Keywords>0x8000000000000000</Keywords><TimeCreated SystemTime=\"2023-06-07T00:00:15.897258000Z\"/><EventRecordID>18058</EventRecordID><Correlation/><Execution ProcessID=\"5856\" ThreadID=\"5856\"/><Channel>Linux-Sysmon/Operational</Channel><Computer>202-u20-dev-agent</Computer><Security UserId=\"0\"/></System><EventData><Data Name=\"RuleName\">-</Data><Data Name=\"UtcTime\">2023-06-07 00:00:15.904</Data><Data Name=\"ProcessGuid\">{924935dc-c88f-647f-2544-01b206560000}</Data><Data Name=\"ProcessId\">6012</Data><Data Name=\"Image\">/usr/bin/tar</Data><Data Name=\"FileVersion\">-</Data><Data Name=\"Description\">-</Data><Data Name=\"Product\">-</Data><Data Name=\"Company\">-</Data><Data Name=\"OriginalFileName\">-</Data><Data Name=\"CommandLine\">tar -df alternatives.tar.0 -C /var/lib/dpkg alternatives</Data><Data Name=\"CurrentDirectory\">/var/backups</Data><Data Name=\"User\">root</Data><Data Name=\"LogonGuid\">{924935dc-0000-0000-0000-000000000000}</Data><Data Name=\"LogonId\">0</Data><Data Name=\"TerminalSessionId\">4294967295</Data><Data Name=\"IntegrityLevel\">no level</Data><Data Name=\"Hashes\">-</Data><Data Name=\"ParentProcessGuid\">{924935dc-c88f-647f-95c9-e4a72f560000}</Data><Data Name=\"ParentProcessId\">5957</Data><Data Name=\"ParentImage\">/usr/bin/dash</Data><Data Name=\"ParentCommandLine\">/bin/sh</Data><Data Name=\"ParentUser\">root</Data></EventData></Event>","outcome":"success","start":"2026-06-07T00:00:15.000Z","type":["start"]},"host":{"hostname":"202-u20-dev-agent","name":"202-u20-dev-agent"},"log":{"file":{"path":"/var/log/syslog"},"level":"Information"},"message":"<Event><System><Provider Name=\"Linux-Sysmon\" Guid=\"{ff032593-a8d3-4f13-b0d6-01fc615a0f97}\"/><EventID>1</EventID><Version>5</Version><Level>4</Level><Task>1</Task><Opcode>0</Opcode><Keywords>0x8000000000000000</Keywords><TimeCreated SystemTime=\"2023-06-07T00:00:15.897258000Z\"/><EventRecordID>18058</EventRecordID><Correlation/><Execution ProcessID=\"5856\" ThreadID=\"5856\"/><Channel>Linux-Sysmon/Operational</Channel><Computer>202-u20-dev-agent</Computer><Security UserId=\"0\"/></System><EventData><Data Name=\"RuleName\">-</Data><Data Name=\"UtcTime\">2023-06-07 00:00:15.904</Data><Data Name=\"ProcessGuid\">{924935dc-c88f-647f-2544-01b206560000}</Data><Data Name=\"ProcessId\">6012</Data><Data Name=\"Image\">/usr/bin/tar</Data><Data Name=\"FileVersion\">-</Data><Data Name=\"Description\">-</Data><Data Name=\"Product\">-</Data><Data Name=\"Company\">-</Data><Data Name=\"OriginalFileName\">-</Data><Data Name=\"CommandLine\">tar -df alternatives.tar.0 -C /var/lib/dpkg alternatives</Data><Data Name=\"CurrentDirectory\">/var/backups</Data><Data Name=\"User\">root</Data><Data Name=\"LogonGuid\">{924935dc-0000-0000-0000-000000000000}</Data><Data Name=\"LogonId\">0</Data><Data Name=\"TerminalSessionId\">4294967295</Data><Data Name=\"IntegrityLevel\">no level</Data><Data Name=\"Hashes\">-</Data><Data Name=\"ParentProcessGuid\">{924935dc-c88f-647f-95c9-e4a72f560000}</Data><Data Name=\"ParentProcessId\">5957</Data><Data Name=\"ParentImage\">/usr/bin/dash</Data><Data Name=\"ParentCommandLine\">/bin/sh</Data><Data Name=\"ParentUser\">root</Data></EventData></Event>","process":{"args":["tar","-df","alternatives.tar.0","-C","/var/lib/dpkg","alternatives"],"command_line":"tar -df alternatives.tar.0 -C /var/lib/dpkg alternatives","entity_id":"{924935dc-c88f-647f-2544-01b206560000}","executable":"/usr/bin/tar","name":"tar","parent":{"args":["/bin/sh"],"command_line":"/bin/sh","entity_id":"{924935dc-c88f-647f-95c9-e4a72f560000}","executable":"/usr/bin/dash","name":"dash","pid":5957},"pid":6012,"working_directory":"/var/backups"},"related":{"hosts":["202-u20-dev-agent"]},"tags":["production-server"],"wazuh":{"agent":{"groups":["group1","group2"],"host":{"architecture":"x86_64","hostname":"wazuh-endpoint-linux","ip":["192.168.1.2"],"os":{"name":"Amazon Linux 2","platform":"Linux"}},"id":"001","name":"wazuh-agent-name","type":"endpoint","version":"5.0.0"},"integration":{"name":"wazuh-threat","category":"System Activity","decoders":["syslog","sysmon-linux"]},"rule":{"id":"sec-003","title":"Potentially malicious process_creation identified in system logs","level":"critical","tags":["ransomware","encryption","malware"],"status":"stable","mitre":{"tactic":{"id":["TA0040"],"name":["Impact"]},"technique":{"id":["T1531"],"name":["Account Access Removal"]},"subtechnique":{"id":[],"name":[]}},"compliance":{"cmmc":["AU.L2-3.3.1","SI.L2-3.14.1","RA.L2-3.11.1"],"pci_dss":["6.2","6.3.3","11.3"],"fedramp":["SI-4","SI-2","RA-5"],"gdpr":["IV_33.1","IV_35.1","IV_32.1.a"],"hipaa":["164.308.a.8","164.308.a.1.ii.D"],"iso_27001":["A.16.1.2","A.12.6.1"],"nis2":["21.2.a","21.2.e","23"],"nist_800_53":["SI-4","RA-5","CA-7"],"nist_800_171":["3.14.1","3.14.4","3.11.1"],"tsc":["CC7.1","CC7.2","A1.2"]}}}}
